{
  "RSpec": {
    "coverage": {
      "/Users/manasgalipalli/boot_camp/CommandPattern/lib/calc.rb": [
        1,
        1,
        1,
        1,
        1
      ],
      "/Users/manasgalipalli/boot_camp/CommandPattern/lib/calculator.rb": [
        null,
        1,
        null,
        1,
        1,
        null,
        null,
        1,
        0,
        null,
        null,
        1,
        0,
        null,
        null,
        1,
        0,
        null,
        null,
        1,
        0,
        0,
        null,
        0,
        null,
        null,
        1,
        0,
        null,
        null,
        1,
        0,
        0,
        null,
        0,
        null,
        null,
        1,
        0,
        null,
        null,
        1,
        0,
        null,
        null,
        1,
        0,
        null,
        null,
        1,
        0,
        null,
        null,
        1,
        0,
        null,
        null
      ],
      "/Users/manasgalipalli/boot_camp/CommandPattern/lib/parser.rb": [
        null,
        1,
        1,
        0,
        0,
        null,
        null,
        1,
        0,
        0,
        0,
        0,
        null,
        0,
        null,
        0,
        null,
        0,
        null,
        0,
        null,
        0,
        null,
        0,
        null,
        0,
        null,
        0,
        null,
        0,
        null,
        0,
        null,
        0,
        null,
        0,
        null,
        0,
        null,
        null,
        null,
        null,
        null,
        null,
        null,
        null,
        null,
        null,
        null,
        null
      ],
      "/Users/manasgalipalli/boot_camp/CommandPattern/lib/calculator_command_line_interface.rb": [
        null,
        1,
        1,
        0,
        0,
        null,
        1,
        0,
        0,
        0,
        0,
        0,
        0,
        null,
        0,
        null,
        null,
        null,
        null
      ],
      "/Users/manasgalipalli/boot_camp/CommandPattern/lib/commands.rb": [
        1,
        1,
        1,
        1,
        1,
        1,
        1,
        1,
        1,
        1,
        1,
        1,
        1,
        1
      ],
      "/Users/manasgalipalli/boot_camp/CommandPattern/lib/commands/base_command.rb": [
        null,
        1,
        1,
        1,
        null,
        null,
        1,
        1,
        0,
        0,
        null,
        0,
        null,
        0,
        null,
        null
      ],
      "/Users/manasgalipalli/boot_camp/CommandPattern/lib/commands/add_command.rb": [
        null,
        1,
        1,
        0,
        0,
        null,
        0,
        0,
        null,
        1,
        0,
        null,
        null,
        null
      ],
      "/Users/manasgalipalli/boot_camp/CommandPattern/lib/commands/subtract_command.rb": [
        null,
        1,
        null,
        1,
        0,
        0,
        null,
        0,
        0,
        null,
        null,
        1,
        0,
        null,
        null
      ],
      "/Users/manasgalipalli/boot_camp/CommandPattern/lib/commands/multiply_command.rb": [
        null,
        1,
        null,
        1,
        0,
        0,
        null,
        0,
        0,
        null,
        null,
        1,
        0,
        null,
        null
      ],
      "/Users/manasgalipalli/boot_camp/CommandPattern/lib/commands/division_command.rb": [
        null,
        1,
        null,
        1,
        0,
        0,
        null,
        0,
        0,
        null,
        null,
        1,
        0,
        null,
        null
      ],
      "/Users/manasgalipalli/boot_camp/CommandPattern/lib/commands/cancel_command.rb": [
        null,
        1,
        null,
        1,
        0,
        0,
        null,
        0,
        null,
        null,
        1,
        0,
        null,
        null
      ],
      "/Users/manasgalipalli/boot_camp/CommandPattern/lib/commands/square_command.rb": [
        null,
        1,
        null,
        1,
        0,
        0,
        null,
        0,
        null,
        null,
        1,
        0,
        null,
        null,
        null
      ],
      "/Users/manasgalipalli/boot_camp/CommandPattern/lib/commands/negate_command.rb": [
        null,
        1,
        null,
        1,
        0,
        0,
        null,
        0,
        null,
        null,
        1,
        0,
        null,
        null,
        null
      ],
      "/Users/manasgalipalli/boot_camp/CommandPattern/lib/commands/abs_command.rb": [
        null,
        1,
        null,
        1,
        0,
        0,
        null,
        0,
        null,
        null,
        1,
        0,
        null,
        null,
        null
      ],
      "/Users/manasgalipalli/boot_camp/CommandPattern/lib/commands/cube_command.rb": [
        null,
        1,
        null,
        1,
        0,
        0,
        null,
        0,
        null,
        null,
        1,
        0,
        null,
        null,
        null
      ],
      "/Users/manasgalipalli/boot_camp/CommandPattern/lib/commands/square_root_command.rb": [
        null,
        1,
        null,
        1,
        0,
        0,
        null,
        0,
        null,
        null,
        1,
        0,
        null,
        null,
        null
      ],
      "/Users/manasgalipalli/boot_camp/CommandPattern/lib/commands/cube_root_command.rb": [
        null,
        1,
        null,
        1,
        0,
        0,
        null,
        0,
        null,
        null,
        1,
        0,
        null,
        null,
        null
      ],
      "/Users/manasgalipalli/boot_camp/CommandPattern/lib/commands/repeat_command.rb": [
        null,
        1,
        null,
        1,
        0,
        0,
        null,
        0,
        0,
        0,
        null,
        null,
        1,
        0,
        0,
        0,
        0,
        null,
        0,
        null,
        null
      ],
      "/Users/manasgalipalli/boot_camp/CommandPattern/lib/commands/exit_command.rb": [
        null,
        1,
        null,
        1,
        1,
        null,
        null,
        null
      ],
      "/Users/manasgalipalli/boot_camp/CommandPattern/lib/command_store.rb": [
        null,
        1,
        1,
        0,
        null,
        null,
        1,
        0,
        0,
        0,
        null,
        null,
        null,
        1,
        0,
        null,
        null
      ],
      "/Users/manasgalipalli/boot_camp/CommandPattern/spec/commands_spec/exit_command_spec.rb": [
        null,
        1,
        null,
        1,
        1,
        1,
        1,
        2,
        null,
        null
      ]
    },
    "timestamp": 1434087306
  }
}
